build/outputs/logs/manifest-merger-debug-report.txt
-- Merging decision tree log ---
manifest
ADDED from Alex/BidHub-Android/AndroidManifest.xml:2:1-76:12
	package
		ADDED from Alex/BidHub-Android/AndroidManifest.xml:4:5-33
	android:versionName
		ADDED from Alex/BidHub-Android/AndroidManifest.xml:6:5-30
	xmlns:tools
		ADDED from Alex/BidHub-Android/AndroidManifest.xml:3:5-51
	android:versionCode
		ADDED from Alex/BidHub-Android/AndroidManifest.xml:5:5-28
		INJECTED from Alex/BidHub-Android/AndroidManifest.xml
		INJECTED from Alex/BidHub-Android/AndroidManifest.xml
	xmlns:android
		ADDED from Alex/BidHub-Android/AndroidManifest.xml:2:11-69
uses-sdk
ADDED from Alex/BidHub-Android/AndroidManifest.xml:8:5-73
MERGED from [com.android.support:appcompat-v7:21.0.3] AndroidManifest.xml:15:5-42
MERGED from [com.android.support:support-v4:23.1.0] AndroidManifest.xml:20:5-43
MERGED from [com.android.support:cardview-v7:23.1.0] AndroidManifest.xml:20:5-43
MERGED from [com.android.support:recyclerview-v7:23.1.0] AndroidManifest.xml:20:5-43
MERGED from [com.android.support:support-v4:23.1.0] AndroidManifest.xml:20:5-43
MERGED from [com.android.support:palette-v7:23.1.0] AndroidManifest.xml:20:5-43
MERGED from [com.android.support:support-v4:23.1.0] AndroidManifest.xml:20:5-43
MERGED from [com.mcxiaoke.volley:library-aar:1.0.0] AndroidManifest.xml:3:5-72
	android:targetSdkVersion
		ADDED from Alex/BidHub-Android/AndroidManifest.xml:8:42-71
		INJECTED from Alex/BidHub-Android/AndroidManifest.xml
		INJECTED from Alex/BidHub-Android/AndroidManifest.xml
	android:minSdkVersion
		ADDED from Alex/BidHub-Android/AndroidManifest.xml:8:15-41
		INJECTED from Alex/BidHub-Android/AndroidManifest.xml
		INJECTED from Alex/BidHub-Android/AndroidManifest.xml
uses-permission#android.permission.INTERNET
ADDED from Alex/BidHub-Android/AndroidManifest.xml:10:5-67
	android:name
		ADDED from Alex/BidHub-Android/AndroidManifest.xml:10:22-64
uses-permission#android.permission.ACCESS_NETWORK_STATE
ADDED from Alex/BidHub-Android/AndroidManifest.xml:11:5-79
	android:name
		ADDED from Alex/BidHub-Android/AndroidManifest.xml:11:22-76
application
ADDED from Alex/BidHub-Android/AndroidManifest.xml:13:5-56:19
MERGED from [com.android.support:appcompat-v7:21.0.3] AndroidManifest.xml:16:5-19
MERGED from [com.android.support:support-v4:23.1.0] AndroidManifest.xml:22:5-20
MERGED from [com.android.support:cardview-v7:23.1.0] AndroidManifest.xml:22:5-20
MERGED from [com.android.support:support-v4:23.1.0] AndroidManifest.xml:22:5-20
MERGED from [com.android.support:palette-v7:23.1.0] AndroidManifest.xml:22:5-23:19
MERGED from [com.android.support:support-v4:23.1.0] AndroidManifest.xml:22:5-20
MERGED from [com.mcxiaoke.volley:library-aar:1.0.0] AndroidManifest.xml:5:5-19
	android:label
		ADDED from Alex/BidHub-Android/AndroidManifest.xml:17:9-32
	android:icon
		ADDED from Alex/BidHub-Android/AndroidManifest.xml:16:9-41
	android:theme
		ADDED from Alex/BidHub-Android/AndroidManifest.xml:15:9-44
	android:name
		ADDED from Alex/BidHub-Android/AndroidManifest.xml:14:9-61
activity#com.hsdemo.auction.LoginActivity
ADDED from Alex/BidHub-Android/AndroidManifest.xml:18:9-26:20
	android:label
		ADDED from Alex/BidHub-Android/AndroidManifest.xml:21:13-36
	android:windowSoftInputMode
		ADDED from Alex/BidHub-Android/AndroidManifest.xml:20:13-52
	android:name
		ADDED from Alex/BidHub-Android/AndroidManifest.xml:19:13-60
intent-filter#android.intent.action.MAIN+android.intent.category.LAUNCHER
ADDED from Alex/BidHub-Android/AndroidManifest.xml:22:13-25:29
action#android.intent.action.MAIN
ADDED from Alex/BidHub-Android/AndroidManifest.xml:23:17-69
	android:name
		ADDED from Alex/BidHub-Android/AndroidManifest.xml:23:25-66
category#android.intent.category.LAUNCHER
ADDED from Alex/BidHub-Android/AndroidManifest.xml:24:17-77
	android:name
		ADDED from Alex/BidHub-Android/AndroidManifest.xml:24:27-74
activity#com.hsdemo.auction.ItemListActivity
ADDED from Alex/BidHub-Android/AndroidManifest.xml:27:9-28:60
	android:windowSoftInputMode
		ADDED from Alex/BidHub-Android/AndroidManifest.xml:28:19-58
	android:name
		ADDED from Alex/BidHub-Android/AndroidManifest.xml:27:19-69
service#com.parse.PushService
ADDED from Alex/BidHub-Android/AndroidManifest.xml:30:9-57
	android:name
		ADDED from Alex/BidHub-Android/AndroidManifest.xml:30:18-54
receiver#com.parse.ParseBroadcastReceiver
ADDED from Alex/BidHub-Android/AndroidManifest.xml:31:9-36:20
	android:name
		ADDED from Alex/BidHub-Android/AndroidManifest.xml:31:19-66
intent-filter#android.intent.action.BOOT_COMPLETED+android.intent.action.USER_PRESENT
ADDED from Alex/BidHub-Android/AndroidManifest.xml:32:13-35:29
action#android.intent.action.BOOT_COMPLETED
ADDED from Alex/BidHub-Android/AndroidManifest.xml:33:17-79
	android:name
		ADDED from Alex/BidHub-Android/AndroidManifest.xml:33:25-76
action#android.intent.action.USER_PRESENT
ADDED from Alex/BidHub-Android/AndroidManifest.xml:34:17-77
	android:name
		ADDED from Alex/BidHub-Android/AndroidManifest.xml:34:25-74
receiver#com.parse.GcmBroadcastReceiver
ADDED from Alex/BidHub-Android/AndroidManifest.xml:37:9-48:20
	android:permission
		ADDED from Alex/BidHub-Android/AndroidManifest.xml:38:19-79
	android:name
		ADDED from Alex/BidHub-Android/AndroidManifest.xml:37:19-64
intent-filter#com.google.android.c2dm.intent.RECEIVE+com.google.android.c2dm.intent.REGISTRATION+com.hsdemo.auction
ADDED from Alex/BidHub-Android/AndroidManifest.xml:39:13-47:29
action#com.google.android.c2dm.intent.RECEIVE
ADDED from Alex/BidHub-Android/AndroidManifest.xml:40:17-81
	android:name
		ADDED from Alex/BidHub-Android/AndroidManifest.xml:40:25-78
action#com.google.android.c2dm.intent.REGISTRATION
ADDED from Alex/BidHub-Android/AndroidManifest.xml:41:17-86
	android:name
		ADDED from Alex/BidHub-Android/AndroidManifest.xml:41:25-83
category#com.hsdemo.auction
ADDED from Alex/BidHub-Android/AndroidManifest.xml:46:17-63
	android:name
		ADDED from Alex/BidHub-Android/AndroidManifest.xml:46:27-60
receiver#com.hsdemo.auction.PushReceiver
ADDED from Alex/BidHub-Android/AndroidManifest.xml:49:9-55:20
	android:exported
		ADDED from Alex/BidHub-Android/AndroidManifest.xml:49:66-90
	android:name
		ADDED from Alex/BidHub-Android/AndroidManifest.xml:49:19-65
intent-filter#com.parse.push.intent.DELETE+com.parse.push.intent.OPEN+com.parse.push.intent.RECEIVE
ADDED from Alex/BidHub-Android/AndroidManifest.xml:50:13-54:29
action#com.parse.push.intent.RECEIVE
ADDED from Alex/BidHub-Android/AndroidManifest.xml:51:17-72
	android:name
		ADDED from Alex/BidHub-Android/AndroidManifest.xml:51:25-69
action#com.parse.push.intent.DELETE
ADDED from Alex/BidHub-Android/AndroidManifest.xml:52:17-71
	android:name
		ADDED from Alex/BidHub-Android/AndroidManifest.xml:52:25-68
action#com.parse.push.intent.OPEN
ADDED from Alex/BidHub-Android/AndroidManifest.xml:53:17-69
	android:name
		ADDED from Alex/BidHub-Android/AndroidManifest.xml:53:25-66
uses-permission#android.permission.WAKE_LOCK
ADDED from Alex/BidHub-Android/AndroidManifest.xml:62:5-68
	android:name
		ADDED from Alex/BidHub-Android/AndroidManifest.xml:62:22-65
uses-permission#android.permission.RECEIVE_BOOT_COMPLETED
ADDED from Alex/BidHub-Android/AndroidManifest.xml:63:5-81
	android:name
		ADDED from Alex/BidHub-Android/AndroidManifest.xml:63:22-78
uses-permission#android.permission.VIBRATE
ADDED from Alex/BidHub-Android/AndroidManifest.xml:64:5-66
	android:name
		ADDED from Alex/BidHub-Android/AndroidManifest.xml:64:22-63
uses-permission#android.permission.GET_ACCOUNTS
ADDED from Alex/BidHub-Android/AndroidManifest.xml:65:5-71
	android:name
		ADDED from Alex/BidHub-Android/AndroidManifest.xml:65:22-68
uses-permission#com.google.android.c2dm.permission.RECEIVE
ADDED from Alex/BidHub-Android/AndroidManifest.xml:66:5-82
	android:name
		ADDED from Alex/BidHub-Android/AndroidManifest.xml:66:22-79
permission#com.hsdemo.auction.permission.C2D_MESSAGE
ADDED from Alex/BidHub-Android/AndroidManifest.xml:72:5-73:76
	android:protectionLevel
		ADDED from Alex/BidHub-Android/AndroidManifest.xml:72:17-52
	android:name
		ADDED from Alex/BidHub-Android/AndroidManifest.xml:73:17-73
uses-permission#com.hsdemo.auction.permission.C2D_MESSAGE
ADDED from Alex/BidHub-Android/AndroidManifest.xml:74:5-81
	android:name
		ADDED from Alex/BidHub-Android/AndroidManifest.xml:74:22-78